0 info it worked if it ends with ok
1 verbose cli [ '/Users/julieheidt/.nvm/versions/io.js/v1.6.2/bin/iojs',
1 verbose cli   '/Users/julieheidt/.nvm/versions/io.js/v1.6.2/bin/npm',
1 verbose cli   'install' ]
2 info using npm@2.13.3
3 info using node@v1.6.2
4 verbose readDependencies loading dependencies from /Users/julieheidt/projects/GA/Other/proj4/imagxchange/package.json
5 error install Couldn't read dependencies
6 verbose stack Error: ENOENT: no such file or directory, open '/Users/julieheidt/projects/GA/Other/proj4/imagxchange/package.json'
6 verbose stack     at Error (native)
7 verbose cwd /Users/julieheidt/projects/GA/Other/proj4/imagxchange
8 error Darwin 15.0.0
9 error argv "/Users/julieheidt/.nvm/versions/io.js/v1.6.2/bin/iojs" "/Users/julieheidt/.nvm/versions/io.js/v1.6.2/bin/npm" "install"
10 error node v1.6.2
11 error npm  v2.13.3
12 error path /Users/julieheidt/projects/GA/Other/proj4/imagxchange/package.json
13 error code ENOPACKAGEJSON
14 error errno -2
15 error syscall open
16 error package.json ENOENT: no such file or directory, open '/Users/julieheidt/projects/GA/Other/proj4/imagxchange/package.json'
16 error package.json This is most likely not a problem with npm itself.
16 error package.json npm can't find a package.json file in your current directory.
17 verbose exit [ -2, true ]
